[2022-04-18T17:33:27.291Z] Validating found git in: git
[2022-04-18T17:33:27.302Z] Using git 2.35.3 from git
[2022-04-18T17:33:27.319Z] > git rev-parse --git-dir [7ms]
[2022-04-18T17:33:27.323Z] Open repository: /run/media/york/Data/York/Repo/note
[2022-04-18T17:33:27.337Z] > git symbolic-ref --short HEAD [2ms]
[2022-04-18T17:33:27.342Z] > git for-each-ref --format=%(refname)%00%(upstream:short)%00%(objectname)%00%(upstream:track) refs/heads/main refs/remotes/main [3ms]
[2022-04-18T17:33:27.349Z] > git for-each-ref --sort -committerdate --format %(refname) %(objectname) %(*objectname) [4ms]
[2022-04-18T17:33:27.349Z] > git remote --verbose [2ms]
[2022-04-18T17:33:27.354Z] > git config --get commit.template [1ms]
[2022-04-18T17:33:40.383Z] > git symbolic-ref --short HEAD [2ms]
[2022-04-18T17:33:40.387Z] > git for-each-ref --format=%(refname)%00%(upstream:short)%00%(objectname)%00%(upstream:track) refs/heads/main refs/remotes/main [2ms]
[2022-04-18T17:33:40.392Z] > git for-each-ref --sort -committerdate --format %(refname) %(objectname) %(*objectname) [3ms]
[2022-04-18T17:33:40.392Z] > git remote --verbose [1ms]
[2022-04-18T17:33:40.396Z] > git config --get commit.template [1ms]
[2022-04-18T17:33:50.505Z] > git ls-files --stage -- /run/media/york/Data/York/Repo/note/Arch/README.md [4ms]
[2022-04-18T17:33:51.279Z] > git symbolic-ref --short HEAD [2ms]
[2022-04-18T17:33:51.283Z] > git for-each-ref --format=%(refname)%00%(upstream:short)%00%(objectname)%00%(upstream:track) refs/heads/main refs/remotes/main [2ms]
[2022-04-18T17:33:51.288Z] > git for-each-ref --sort -committerdate --format %(refname) %(objectname) %(*objectname) [3ms]
[2022-04-18T17:33:51.288Z] > git remote --verbose [1ms]
[2022-04-18T17:33:51.293Z] > git config --get commit.template [1ms]
[2022-04-18T17:35:50.969Z] > git symbolic-ref --short HEAD [1ms]
[2022-04-18T17:35:50.974Z] > git for-each-ref --format=%(refname)%00%(upstream:short)%00%(objectname)%00%(upstream:track) refs/heads/main refs/remotes/main [2ms]
[2022-04-18T17:35:50.980Z] > git for-each-ref --sort -committerdate --format %(refname) %(objectname) %(*objectname) [3ms]
[2022-04-18T17:35:50.980Z] > git remote --verbose [1ms]
[2022-04-18T17:35:50.985Z] > git config --get commit.template [1ms]
[2022-04-18T17:36:28.099Z] > git symbolic-ref --short HEAD [1ms]
[2022-04-18T17:36:28.104Z] > git for-each-ref --format=%(refname)%00%(upstream:short)%00%(objectname)%00%(upstream:track) refs/heads/main refs/remotes/main [3ms]
[2022-04-18T17:36:28.109Z] > git for-each-ref --sort -committerdate --format %(refname) %(objectname) %(*objectname) [3ms]
[2022-04-18T17:36:28.109Z] > git remote --verbose [1ms]
[2022-04-18T17:36:28.113Z] > git config --get commit.template [1ms]
[2022-04-18T17:37:46.369Z] > git ls-files --stage -- /run/media/york/Data/York/Repo/note/Arch/README.md [1ms]
[2022-04-18T17:38:16.823Z] > git ls-files --stage -- /run/media/york/Data/York/Repo/note/Arch/README.md [1ms]
[2022-04-18T17:38:39.780Z] > git symbolic-ref --short HEAD [1ms]
[2022-04-18T17:38:39.785Z] > git for-each-ref --format=%(refname)%00%(upstream:short)%00%(objectname)%00%(upstream:track) refs/heads/main refs/remotes/main [3ms]
[2022-04-18T17:38:39.790Z] > git for-each-ref --sort -committerdate --format %(refname) %(objectname) %(*objectname) [3ms]
[2022-04-18T17:38:39.790Z] > git remote --verbose [1ms]
[2022-04-18T17:38:39.794Z] > git config --get commit.template [1ms]
[2022-04-18T17:38:52.661Z] > git ls-files --stage -- /run/media/york/Data/York/Repo/note/Arch/README.md [1ms]
[2022-04-18T17:39:11.406Z] > git symbolic-ref --short HEAD [3ms]
[2022-04-18T17:39:11.411Z] > git for-each-ref --format=%(refname)%00%(upstream:short)%00%(objectname)%00%(upstream:track) refs/heads/main refs/remotes/main [2ms]
[2022-04-18T17:39:11.416Z] > git for-each-ref --sort -committerdate --format %(refname) %(objectname) %(*objectname) [3ms]
[2022-04-18T17:39:11.416Z] > git remote --verbose [1ms]
[2022-04-18T17:39:11.420Z] > git config --get commit.template [1ms]
[2022-04-18T17:39:34.704Z] > git ls-files --stage -- /run/media/york/Data/York/Repo/note/Arch/README.md [1ms]
[2022-04-18T17:40:58.477Z] > git symbolic-ref --short HEAD [4ms]
[2022-04-18T17:40:58.482Z] > git for-each-ref --format=%(refname)%00%(upstream:short)%00%(objectname)%00%(upstream:track) refs/heads/main refs/remotes/main [3ms]
[2022-04-18T17:40:58.486Z] > git for-each-ref --sort -committerdate --format %(refname) %(objectname) %(*objectname) [2ms]
[2022-04-18T17:40:58.487Z] > git remote --verbose [1ms]
[2022-04-18T17:40:58.491Z] > git config --get commit.template [1ms]
[2022-04-18T17:41:02.940Z] > git ls-files --stage -- /run/media/york/Data/York/Repo/note/Arch/README.md [1ms]
[2022-04-18T17:41:16.429Z] > git ls-files --stage -- /run/media/york/Data/York/Repo/note/Arch/README.md [1ms]
[2022-04-18T17:42:11.829Z] > git symbolic-ref --short HEAD [2ms]
[2022-04-18T17:42:11.834Z] > git for-each-ref --format=%(refname)%00%(upstream:short)%00%(objectname)%00%(upstream:track) refs/heads/main refs/remotes/main [3ms]
[2022-04-18T17:42:11.839Z] > git for-each-ref --sort -committerdate --format %(refname) %(objectname) %(*objectname) [3ms]
[2022-04-18T17:42:11.839Z] > git remote --verbose [1ms]
[2022-04-18T17:42:11.843Z] > git config --get commit.template [1ms]
[2022-04-18T17:42:56.087Z] > git symbolic-ref --short HEAD [1ms]
[2022-04-18T17:42:56.092Z] > git for-each-ref --format=%(refname)%00%(upstream:short)%00%(objectname)%00%(upstream:track) refs/heads/main refs/remotes/main [3ms]
[2022-04-18T17:42:56.097Z] > git for-each-ref --sort -committerdate --format %(refname) %(objectname) %(*objectname) [3ms]
[2022-04-18T17:42:56.097Z] > git remote --verbose [1ms]
[2022-04-18T17:42:56.101Z] > git config --get commit.template [1ms]
[2022-04-18T17:43:04.943Z] > git ls-files --stage -- /run/media/york/Data/York/Repo/note/Arch/README.md [3ms]
[2022-04-18T17:43:27.975Z] > git symbolic-ref --short HEAD [2ms]
[2022-04-18T17:43:27.979Z] > git for-each-ref --format=%(refname)%00%(upstream:short)%00%(objectname)%00%(upstream:track) refs/heads/main refs/remotes/main [2ms]
[2022-04-18T17:43:27.984Z] > git for-each-ref --sort -committerdate --format %(refname) %(objectname) %(*objectname) [3ms]
[2022-04-18T17:43:27.985Z] > git remote --verbose [1ms]
[2022-04-18T17:43:27.988Z] > git config --get commit.template [1ms]
[2022-04-18T17:44:03.377Z] > git ls-files --stage -- /run/media/york/Data/York/Repo/note/Arch/README.md [1ms]
[2022-04-18T17:44:40.380Z] > git symbolic-ref --short HEAD [2ms]
[2022-04-18T17:44:40.385Z] > git for-each-ref --format=%(refname)%00%(upstream:short)%00%(objectname)%00%(upstream:track) refs/heads/main refs/remotes/main [3ms]
[2022-04-18T17:44:40.391Z] > git for-each-ref --sort -committerdate --format %(refname) %(objectname) %(*objectname) [3ms]
[2022-04-18T17:44:40.391Z] > git remote --verbose [1ms]
[2022-04-18T17:44:40.395Z] > git config --get commit.template [1ms]
[2022-04-18T17:44:49.677Z] > git ls-files --stage -- /run/media/york/Data/York/Repo/note/Arch/README.md [1ms]
[2022-04-18T17:45:05.354Z] > git symbolic-ref --short HEAD [1ms]
[2022-04-18T17:45:05.360Z] > git for-each-ref --format=%(refname)%00%(upstream:short)%00%(objectname)%00%(upstream:track) refs/heads/main refs/remotes/main [3ms]
[2022-04-18T17:45:05.365Z] > git for-each-ref --sort -committerdate --format %(refname) %(objectname) %(*objectname) [3ms]
[2022-04-18T17:45:05.365Z] > git remote --verbose [1ms]
[2022-04-18T17:45:05.369Z] > git config --get commit.template [1ms]
[2022-04-18T17:45:22.211Z] > git symbolic-ref --short HEAD [2ms]
[2022-04-18T17:45:22.219Z] > git for-each-ref --format=%(refname)%00%(upstream:short)%00%(objectname)%00%(upstream:track) refs/heads/main refs/remotes/main [3ms]
[2022-04-18T17:45:22.225Z] > git for-each-ref --sort -committerdate --format %(refname) %(objectname) %(*objectname) [3ms]
[2022-04-18T17:45:22.226Z] > git remote --verbose [2ms]
[2022-04-18T17:45:22.232Z] > git config --get commit.template [1ms]
[2022-04-18T17:45:27.249Z] > git symbolic-ref --short HEAD [1ms]
[2022-04-18T17:45:27.254Z] > git for-each-ref --format=%(refname)%00%(upstream:short)%00%(objectname)%00%(upstream:track) refs/heads/main refs/remotes/main [2ms]
[2022-04-18T17:45:27.259Z] > git for-each-ref --sort -committerdate --format %(refname) %(objectname) %(*objectname) [3ms]
[2022-04-18T17:45:27.259Z] > git remote --verbose [1ms]
[2022-04-18T17:45:27.263Z] > git config --get commit.template [1ms]
[2022-04-18T17:45:32.833Z] > git symbolic-ref --short HEAD [1ms]
[2022-04-18T17:45:32.841Z] > git for-each-ref --format=%(refname)%00%(upstream:short)%00%(objectname)%00%(upstream:track) refs/heads/main refs/remotes/main [4ms]
[2022-04-18T17:45:32.847Z] > git for-each-ref --sort -committerdate --format %(refname) %(objectname) %(*objectname) [3ms]
[2022-04-18T17:45:32.848Z] > git remote --verbose [2ms]
[2022-04-18T17:45:32.853Z] > git config --get commit.template [1ms]
[2022-04-18T17:45:44.317Z] > git symbolic-ref --short HEAD [2ms]
[2022-04-18T17:45:44.326Z] > git for-each-ref --format=%(refname)%00%(upstream:short)%00%(objectname)%00%(upstream:track) refs/heads/main refs/remotes/main [3ms]
[2022-04-18T17:45:44.333Z] > git for-each-ref --sort -committerdate --format %(refname) %(objectname) %(*objectname) [4ms]
[2022-04-18T17:45:44.333Z] > git remote --verbose [1ms]
[2022-04-18T17:45:44.341Z] > git config --get commit.template [2ms]
[2022-04-18T17:45:49.407Z] > git ls-files --stage -- /run/media/york/Data/York/Repo/note/Arch/README.md [1ms]
[2022-04-18T17:45:52.777Z] > git add -A -- /run/media/york/Data/York/Repo/note/Arch/README.md [6ms]
[2022-04-18T17:45:52.789Z] > git symbolic-ref --short HEAD [1ms]
[2022-04-18T17:45:52.794Z] > git for-each-ref --format=%(refname)%00%(upstream:short)%00%(objectname)%00%(upstream:track) refs/heads/main refs/remotes/main [3ms]
[2022-04-18T17:45:52.799Z] > git for-each-ref --sort -committerdate --format %(refname) %(objectname) %(*objectname) [3ms]
[2022-04-18T17:45:52.800Z] > git remote --verbose [1ms]
[2022-04-18T17:45:52.804Z] > git config --get commit.template [1ms]
[2022-04-18T17:45:53.847Z] > git symbolic-ref --short HEAD [2ms]
[2022-04-18T17:45:53.853Z] > git for-each-ref --format=%(refname)%00%(upstream:short)%00%(objectname)%00%(upstream:track) refs/heads/main refs/remotes/main [3ms]
[2022-04-18T17:45:53.858Z] > git for-each-ref --sort -committerdate --format %(refname) %(objectname) %(*objectname) [3ms]
[2022-04-18T17:45:53.858Z] > git remote --verbose [1ms]
[2022-04-18T17:45:53.862Z] > git config --get commit.template [1ms]
[2022-04-18T17:45:53.945Z] > git ls-files --stage -- /run/media/york/Data/York/Repo/note/Arch/README.md [3ms]
[2022-04-18T17:45:53.949Z] > git cat-file -s 638d26e1cf3af1fdd1cc558000423be1ad56f9c2 [1ms]
[2022-04-18T17:46:13.524Z] > git ls-files --stage -- /run/media/york/Data/York/Repo/note/Arch/README.md [1ms]
[2022-04-18T17:46:13.528Z] > git cat-file -s 638d26e1cf3af1fdd1cc558000423be1ad56f9c2 [1ms]
[2022-04-18T17:46:17.833Z] > git ls-files --stage -- /run/media/york/Data/York/Repo/note/Arch/README.md [2ms]
[2022-04-18T17:46:17.836Z] > git cat-file -s 638d26e1cf3af1fdd1cc558000423be1ad56f9c2 [1ms]
[2022-04-18T17:52:48.702Z] > git ls-files --stage -- /run/media/york/Data/York/Repo/note/Arch/Usually Software.md [1ms]
[2022-04-18T17:52:49.528Z] > git symbolic-ref --short HEAD [1ms]
[2022-04-18T17:52:49.533Z] > git for-each-ref --format=%(refname)%00%(upstream:short)%00%(objectname)%00%(upstream:track) refs/heads/main refs/remotes/main [3ms]
[2022-04-18T17:52:49.538Z] > git for-each-ref --sort -committerdate --format %(refname) %(objectname) %(*objectname) [3ms]
[2022-04-18T17:52:49.539Z] > git remote --verbose [1ms]
[2022-04-18T17:52:49.544Z] > git config --get commit.template [1ms]
[2022-04-18T17:53:36.808Z] > git ls-files --stage -- /run/media/york/Data/York/Repo/note/Arch/Usually Software.md [1ms]
[2022-04-18T17:53:49.480Z] > git ls-files --stage -- /run/media/york/Data/York/Repo/note/Arch/Usually Software.md [1ms]
[2022-04-18T17:53:51.424Z] > git ls-files --stage -- /run/media/york/Data/York/Repo/note/Arch/Usually Software.md [1ms]
[2022-04-18T17:53:52.301Z] > git log --format=%H%n%aN%n%aE%n%at%n%ct%n%P%n%B -z -n21 -- /run/media/york/Data/York/Repo/note/Arch/Usually Software.md [13ms]
[2022-04-18T17:53:53.703Z] > git ls-files --stage -- /run/media/york/Data/York/Repo/note/Arch/README.md [3ms]
[2022-04-18T17:53:53.708Z] > git cat-file -s 638d26e1cf3af1fdd1cc558000423be1ad56f9c2 [2ms]
[2022-04-18T17:54:03.734Z] > git ls-files --stage -- /run/media/york/Data/York/Repo/note/Arch/Usually Software.md [1ms]
[2022-04-18T17:59:50.186Z] > git symbolic-ref --short HEAD [1ms]
[2022-04-18T17:59:50.192Z] > git for-each-ref --format=%(refname)%00%(upstream:short)%00%(objectname)%00%(upstream:track) refs/heads/main refs/remotes/main [3ms]
[2022-04-18T17:59:50.197Z] > git for-each-ref --sort -committerdate --format %(refname) %(objectname) %(*objectname) [3ms]
[2022-04-18T17:59:50.197Z] > git remote --verbose [1ms]
[2022-04-18T17:59:50.202Z] > git config --get commit.template [1ms]
[2022-04-18T17:59:55.087Z] > git ls-files --stage -- /run/media/york/Data/York/Repo/note/Arch/README.md [1ms]
[2022-04-18T17:59:55.091Z] > git cat-file -s 638d26e1cf3af1fdd1cc558000423be1ad56f9c2 [1ms]
[2022-04-18T17:59:58.679Z] > git ls-files --stage -- /run/media/york/Data/York/Repo/note/Arch/Usually Software.md [2ms]
[2022-04-18T18:00:58.289Z] > git symbolic-ref --short HEAD [2ms]
[2022-04-18T18:00:58.296Z] > git for-each-ref --format=%(refname)%00%(upstream:short)%00%(objectname)%00%(upstream:track) refs/heads/main refs/remotes/main [3ms]
[2022-04-18T18:00:58.304Z] > git for-each-ref --sort -committerdate --format %(refname) %(objectname) %(*objectname) [4ms]
[2022-04-18T18:00:58.305Z] > git remote --verbose [2ms]
[2022-04-18T18:00:58.311Z] > git config --get commit.template [1ms]
[2022-04-18T18:01:59.671Z] > git symbolic-ref --short HEAD [1ms]
[2022-04-18T18:01:59.676Z] > git for-each-ref --format=%(refname)%00%(upstream:short)%00%(objectname)%00%(upstream:track) refs/heads/main refs/remotes/main [3ms]
[2022-04-18T18:01:59.681Z] > git for-each-ref --sort -committerdate --format %(refname) %(objectname) %(*objectname) [3ms]
[2022-04-18T18:01:59.682Z] > git remote --verbose [1ms]
[2022-04-18T18:01:59.686Z] > git config --get commit.template [1ms]
[2022-04-18T18:02:15.660Z] > git ls-files --stage -- /run/media/york/Data/York/Repo/note/Arch/README.md [2ms]
[2022-04-18T18:02:15.664Z] > git cat-file -s 638d26e1cf3af1fdd1cc558000423be1ad56f9c2 [2ms]
[2022-04-18T18:02:16.258Z] > git ls-files --stage -- /run/media/york/Data/York/Repo/note/Arch/Usually Software.md [1ms]
[2022-04-18T18:04:35.156Z] > git symbolic-ref --short HEAD [1ms]
[2022-04-18T18:04:35.161Z] > git for-each-ref --format=%(refname)%00%(upstream:short)%00%(objectname)%00%(upstream:track) refs/heads/main refs/remotes/main [2ms]
[2022-04-18T18:04:35.166Z] > git for-each-ref --sort -committerdate --format %(refname) %(objectname) %(*objectname) [2ms]
[2022-04-18T18:04:35.167Z] > git remote --verbose [1ms]
[2022-04-18T18:04:35.170Z] > git config --get commit.template [0ms]
[2022-04-18T18:18:39.122Z] > git symbolic-ref --short HEAD [3ms]
[2022-04-18T18:18:39.127Z] > git for-each-ref --format=%(refname)%00%(upstream:short)%00%(objectname)%00%(upstream:track) refs/heads/main refs/remotes/main [3ms]
[2022-04-18T18:18:39.132Z] > git for-each-ref --sort -committerdate --format %(refname) %(objectname) %(*objectname) [3ms]
[2022-04-18T18:18:39.133Z] > git remote --verbose [1ms]
[2022-04-18T18:18:39.138Z] > git config --get commit.template [1ms]
[2022-04-18T18:18:41.614Z] > git add -A -- /run/media/york/Data/York/Repo/note/Arch/Usually Software.md [4ms]
[2022-04-18T18:18:41.632Z] > git symbolic-ref --short HEAD [2ms]
[2022-04-18T18:18:41.638Z] > git for-each-ref --format=%(refname)%00%(upstream:short)%00%(objectname)%00%(upstream:track) refs/heads/main refs/remotes/main [3ms]
[2022-04-18T18:18:41.643Z] > git for-each-ref --sort -committerdate --format %(refname) %(objectname) %(*objectname) [2ms]
[2022-04-18T18:18:41.644Z] > git remote --verbose [1ms]
[2022-04-18T18:18:41.648Z] > git config --get commit.template [1ms]
[2022-04-18T18:18:42.784Z] > git ls-files --stage -- /run/media/york/Data/York/Repo/note/Arch/Usually Software.md [4ms]
[2022-04-18T18:18:42.789Z] > git cat-file -s a915cf7ef9fa2a7b0d9f1606cf6f011fcb6dd446 [1ms]
[2022-04-18T18:18:44.160Z] > git symbolic-ref --short HEAD [1ms]
[2022-04-18T18:18:44.166Z] > git for-each-ref --format=%(refname)%00%(upstream:short)%00%(objectname)%00%(upstream:track) refs/heads/main refs/remotes/main [3ms]
[2022-04-18T18:18:44.171Z] > git for-each-ref --sort -committerdate --format %(refname) %(objectname) %(*objectname) [2ms]
[2022-04-18T18:18:44.172Z] > git remote --verbose [1ms]
[2022-04-18T18:18:44.176Z] > git config --get commit.template [1ms]
[2022-04-18T18:19:05.403Z] > git -c user.useConfigOnly=true commit --quiet --allow-empty-message --file - [19ms]
[2022-04-18T18:19:05.414Z] > git symbolic-ref --short HEAD [1ms]
[2022-04-18T18:19:05.420Z] > git for-each-ref --format=%(refname)%00%(upstream:short)%00%(objectname)%00%(upstream:track) refs/heads/main refs/remotes/main [3ms]
[2022-04-18T18:19:05.426Z] > git for-each-ref --sort -committerdate --format %(refname) %(objectname) %(*objectname) [4ms]
[2022-04-18T18:19:05.426Z] > git remote --verbose [1ms]
[2022-04-18T18:19:05.431Z] > git config --get commit.template [1ms]
[2022-04-18T18:19:05.435Z] > git config --get commit.template [1ms]
[2022-04-18T18:19:06.493Z] > git symbolic-ref --short HEAD [1ms]
[2022-04-18T18:19:06.501Z] > git for-each-ref --format=%(refname)%00%(upstream:short)%00%(objectname)%00%(upstream:track) refs/heads/main refs/remotes/main [4ms]
[2022-04-18T18:19:06.506Z] > git for-each-ref --sort -committerdate --format %(refname) %(objectname) %(*objectname) [3ms]
[2022-04-18T18:19:06.506Z] > git remote --verbose [1ms]
[2022-04-18T18:19:06.511Z] > git config --get commit.template [1ms]
[2022-04-18T18:19:06.588Z] > git ls-files --stage -- /run/media/york/Data/York/Repo/note/Arch/Usually Software.md [3ms]
[2022-04-18T18:19:06.593Z] > git cat-file -s a915cf7ef9fa2a7b0d9f1606cf6f011fcb6dd446 [1ms]
[2022-04-18T18:19:17.570Z] > git symbolic-ref --short HEAD [1ms]
[2022-04-18T18:19:17.576Z] > git for-each-ref --format=%(refname)%00%(upstream:short)%00%(objectname)%00%(upstream:track) refs/heads/main refs/remotes/main [3ms]
[2022-04-18T18:19:17.582Z] > git for-each-ref --sort -committerdate --format %(refname) %(objectname) %(*objectname) [3ms]
[2022-04-18T18:19:17.582Z] > git remote --verbose [1ms]
[2022-04-18T18:19:17.586Z] > git config --get commit.template [1ms]
[2022-04-18T18:19:17.665Z] > git ls-files --stage -- /run/media/york/Data/York/Repo/note/Arch/Usually Software.md [3ms]
[2022-04-18T18:19:17.669Z] > git cat-file -s a915cf7ef9fa2a7b0d9f1606cf6f011fcb6dd446 [2ms]
[2022-04-18T18:19:24.541Z] > git ls-files --stage -- /run/media/york/Data/York/Repo/note/Arch/Usually Software.md [2ms]
[2022-04-18T18:19:24.545Z] > git cat-file -s a915cf7ef9fa2a7b0d9f1606cf6f011fcb6dd446 [2ms]
[2022-04-18T18:19:26.295Z] > git ls-files --stage -- /run/media/york/Data/York/Repo/note/Arch/README.md [1ms]
[2022-04-18T18:19:26.299Z] > git cat-file -s 638d26e1cf3af1fdd1cc558000423be1ad56f9c2 [2ms]
[2022-04-18T18:19:27.371Z] > git ls-files --stage -- /run/media/york/Data/York/Repo/note/Arch/Usually Software.md [1ms]
[2022-04-18T18:19:27.375Z] > git cat-file -s a915cf7ef9fa2a7b0d9f1606cf6f011fcb6dd446 [1ms]
