[2022-04-18T16:56:13.762Z] Validating found git in: git
[2022-04-18T16:56:13.771Z] Using git 2.35.3 from git
[2022-04-18T16:56:13.790Z] > git rev-parse --git-dir [2ms]
[2022-04-18T16:56:13.794Z] Open repository: /run/media/york/Data/York/Repo/note
[2022-04-18T16:56:13.823Z] > git symbolic-ref --short HEAD [1ms]
[2022-04-18T16:56:13.830Z] > git for-each-ref --format=%(refname)%00%(upstream:short)%00%(objectname)%00%(upstream:track) refs/heads/main refs/remotes/main [3ms]
[2022-04-18T16:56:13.836Z] > git for-each-ref --sort -committerdate --format %(refname) %(objectname) %(*objectname) [3ms]
[2022-04-18T16:56:13.836Z] > git remote --verbose [1ms]
[2022-04-18T16:56:13.843Z] > git config --get commit.template [1ms]
[2022-04-18T16:56:20.439Z] > git add -A -- /run/media/york/Data/York/Repo/note/.gitignore /run/media/york/Data/York/Repo/note/Arch Installation as Guset in VirtualB.md /run/media/york/Data/York/Repo/note/Install Graphic Environment.md /run/media/york/Data/York/Repo/note/README.md /run/media/york/Data/York/Repo/note/References.md /run/media/york/Data/York/Repo/note/imgs/circle.svg /run/media/york/Data/York/Repo/note/imgs/example.svg /run/media/york/Data/York/Repo/note/m_po_headers_202112271830.sql /run/media/york/Data/York/Repo/note/others.md /run/media/york/Data/York/Repo/note/rs/SQLServer 创建 MySQL Linked Server.md /run/media/york/Data/York/Repo/note/temp.md /run/media/york/Data/York/Repo/note/test.md /run/media/york/Data/York/Repo/note/work/Frequently ask.md /run/media/york/Data/York/Repo/note/work/Server Address.md /run/media/york/Data/York/Repo/note/work/sql/syncMasterData_Supplier.sql /run/media/york/Data/York/Repo/note/work/sql/syncMasterData_SupplierMain.sql /run/media/york/Data/York/Repo/note/work/同步合同的发票金额与支付金额.md /run/media/york/Data/York/Repo/note/work/询报价系统需求进度会议会议纪要.md /run/media/york/Data/York/Repo/note/work/询报价系统需求进度会议会议纪要_2021年12月30日.md /run/media/york/Data/York/Repo/note/work/迁移供应商数据到主数据库.md /run/media/york/Data/York/Repo/note/yarn安装.md [27ms]
[2022-04-18T16:56:20.453Z] > git symbolic-ref --short HEAD [1ms]
[2022-04-18T16:56:20.459Z] > git for-each-ref --format=%(refname)%00%(upstream:short)%00%(objectname)%00%(upstream:track) refs/heads/main refs/remotes/main [3ms]
[2022-04-18T16:56:20.465Z] > git for-each-ref --sort -committerdate --format %(refname) %(objectname) %(*objectname) [3ms]
[2022-04-18T16:56:20.465Z] > git remote --verbose [1ms]
[2022-04-18T16:56:20.470Z] > git config --get commit.template [1ms]
[2022-04-18T16:56:21.517Z] > git symbolic-ref --short HEAD [1ms]
[2022-04-18T16:56:21.522Z] > git for-each-ref --format=%(refname)%00%(upstream:short)%00%(objectname)%00%(upstream:track) refs/heads/main refs/remotes/main [3ms]
[2022-04-18T16:56:21.529Z] > git for-each-ref --sort -committerdate --format %(refname) %(objectname) %(*objectname) [3ms]
[2022-04-18T16:56:21.529Z] > git remote --verbose [1ms]
[2022-04-18T16:56:21.534Z] > git config --get commit.template [1ms]
[2022-04-18T16:56:28.180Z] > git ls-files --stage -- /run/media/york/Data/York/Repo/note/m_po_headers_202112271830.sql [2ms]
[2022-04-18T16:56:28.186Z] > git cat-file -s d7232195cad91649640303daa021ce773acee058 [3ms]
[2022-04-18T16:56:39.047Z] > git ls-files --stage -- /run/media/york/Data/York/Repo/note/others.md [9ms]
[2022-04-18T16:56:39.053Z] > git cat-file -s 134ddf8cd59b248c246bd0bd7bea08fce5457b0e [3ms]
[2022-04-18T16:56:40.700Z] > git ls-files --stage -- /run/media/york/Data/York/Repo/note/m_po_headers_202112271830.sql [1ms]
[2022-04-18T16:56:40.704Z] > git cat-file -s d7232195cad91649640303daa021ce773acee058 [2ms]
[2022-04-18T16:56:41.048Z] > git ls-files --stage -- /run/media/york/Data/York/Repo/note/others.md [3ms]
[2022-04-18T16:56:41.052Z] > git cat-file -s 134ddf8cd59b248c246bd0bd7bea08fce5457b0e [1ms]
[2022-04-18T16:57:00.099Z] > git symbolic-ref --short HEAD [1ms]
[2022-04-18T16:57:00.104Z] > git for-each-ref --format=%(refname)%00%(upstream:short)%00%(objectname)%00%(upstream:track) refs/heads/main refs/remotes/main [3ms]
[2022-04-18T16:57:00.109Z] > git for-each-ref --sort -committerdate --format %(refname) %(objectname) %(*objectname) [2ms]
[2022-04-18T16:57:00.110Z] > git remote --verbose [1ms]
[2022-04-18T16:57:00.115Z] > git config --get commit.template [1ms]
[2022-04-18T16:57:01.245Z] > git ls-files --stage -- /run/media/york/Data/York/Repo/note/m_po_headers_202112271830.sql [1ms]
[2022-04-18T16:57:01.250Z] > git cat-file -s d7232195cad91649640303daa021ce773acee058 [2ms]
[2022-04-18T16:57:05.145Z] > git ls-files --stage -- /run/media/york/Data/York/Repo/note/temp.md [4ms]
[2022-04-18T16:57:05.148Z] > git symbolic-ref --short HEAD [3ms]
[2022-04-18T16:57:05.150Z] > git cat-file -s e1031acc25893cb725532f91f12eb96e76d71131 [2ms]
[2022-04-18T16:57:05.153Z] > git for-each-ref --format=%(refname)%00%(upstream:short)%00%(objectname)%00%(upstream:track) refs/heads/main refs/remotes/main [3ms]
[2022-04-18T16:57:05.160Z] > git for-each-ref --sort -committerdate --format %(refname) %(objectname) %(*objectname) [3ms]
[2022-04-18T16:57:05.160Z] > git remote --verbose [1ms]
[2022-04-18T16:57:05.166Z] > git config --get commit.template [2ms]
[2022-04-18T16:57:10.228Z] > git ls-files --stage -- /run/media/york/Data/York/Repo/note/test.md [1ms]
[2022-04-18T16:57:10.232Z] > git cat-file -s 8ac32b892b9987e8811ead17e04add1b40549d24 [1ms]
[2022-04-18T16:57:15.148Z] > git symbolic-ref --short HEAD [2ms]
[2022-04-18T16:57:15.154Z] > git for-each-ref --format=%(refname)%00%(upstream:short)%00%(objectname)%00%(upstream:track) refs/heads/main refs/remotes/main [3ms]
[2022-04-18T16:57:15.159Z] > git for-each-ref --sort -committerdate --format %(refname) %(objectname) %(*objectname) [3ms]
[2022-04-18T16:57:15.159Z] > git remote --verbose [1ms]
[2022-04-18T16:57:15.165Z] > git config --get commit.template [1ms]
[2022-04-18T16:57:15.510Z] > git ls-files --stage -- /run/media/york/Data/York/Repo/note/yarn安装.md [1ms]
[2022-04-18T16:57:15.515Z] > git cat-file -s 44053c2d8369f201c738bee14973e2760c06330b [2ms]
[2022-04-18T16:57:23.416Z] > git add -A -- /run/media/york/Data/York/Repo/note/m_po_headers_202112271830.sql /run/media/york/Data/York/Repo/note/others.md /run/media/york/Data/York/Repo/note/test.md [6ms]
[2022-04-18T16:57:23.430Z] > git symbolic-ref --short HEAD [1ms]
[2022-04-18T16:57:23.436Z] > git for-each-ref --format=%(refname)%00%(upstream:short)%00%(objectname)%00%(upstream:track) refs/heads/main refs/remotes/main [3ms]
[2022-04-18T16:57:23.442Z] > git for-each-ref --sort -committerdate --format %(refname) %(objectname) %(*objectname) [3ms]
[2022-04-18T16:57:23.443Z] > git remote --verbose [2ms]
[2022-04-18T16:57:23.449Z] > git config --get commit.template [1ms]
[2022-04-18T16:57:24.501Z] > git symbolic-ref --short HEAD [1ms]
[2022-04-18T16:57:24.507Z] > git for-each-ref --format=%(refname)%00%(upstream:short)%00%(objectname)%00%(upstream:track) refs/heads/main refs/remotes/main [3ms]
[2022-04-18T16:57:24.514Z] > git for-each-ref --sort -committerdate --format %(refname) %(objectname) %(*objectname) [3ms]
[2022-04-18T16:57:24.515Z] > git remote --verbose [1ms]
[2022-04-18T16:57:24.520Z] > git config --get commit.template [1ms]
[2022-04-18T16:57:24.593Z] > git ls-files --stage -- /run/media/york/Data/York/Repo/note/yarn安装.md [2ms]
[2022-04-18T16:57:24.600Z] > git cat-file -s 44053c2d8369f201c738bee14973e2760c06330b [2ms]
[2022-04-18T16:57:25.744Z] > git log --format=%H%n%aN%n%aE%n%at%n%ct%n%P%n%B -z -n21 -- /run/media/york/Data/York/Repo/note/yarn安装.md [14ms]
[2022-04-18T16:57:27.608Z] > git ls-files --stage -- /run/media/york/Data/York/Repo/note/Arch Installation as Guset in VirtualB.md [1ms]
[2022-04-18T16:57:27.613Z] > git cat-file -s 875ac995a20533c400b12e244a8b827846eecdf1 [2ms]
[2022-04-18T16:57:29.184Z] > git ls-files --stage -- /run/media/york/Data/York/Repo/note/Install Graphic Environment.md [1ms]
[2022-04-18T16:57:29.188Z] > git cat-file -s fc2abd42121d34f71ca26ef02e163ad42a9041da [2ms]
[2022-04-18T16:57:30.939Z] > git ls-files --stage -- /run/media/york/Data/York/Repo/note/README.md [2ms]
[2022-04-18T16:57:30.944Z] > git cat-file -s 4bf52cadc2cbd0ab18821b0e1760becb894f1204 [2ms]
[2022-04-18T16:57:35.356Z] > git symbolic-ref --short HEAD [1ms]
[2022-04-18T16:57:35.367Z] > git for-each-ref --format=%(refname)%00%(upstream:short)%00%(objectname)%00%(upstream:track) refs/heads/main refs/remotes/main [3ms]
[2022-04-18T16:57:35.372Z] > git for-each-ref --sort -committerdate --format %(refname) %(objectname) %(*objectname) [3ms]
[2022-04-18T16:57:35.372Z] > git remote --verbose [1ms]
[2022-04-18T16:57:35.378Z] > git config --get commit.template [1ms]
[2022-04-18T16:57:36.006Z] > git ls-files --stage -- /run/media/york/Data/York/Repo/note/Arch Installation as Guset in VirtualB.md [1ms]
[2022-04-18T16:57:36.010Z] > git cat-file -s 875ac995a20533c400b12e244a8b827846eecdf1 [2ms]
[2022-04-18T16:57:40.123Z] > git ls-files --stage -- /run/media/york/Data/York/Repo/note/References.md [2ms]
[2022-04-18T16:57:40.129Z] > git cat-file -s 60f2c22ec363c04b2e3a47d5a85c373529a22cd2 [2ms]
[2022-04-18T16:57:40.396Z] > git symbolic-ref --short HEAD [3ms]
[2022-04-18T16:57:40.404Z] > git for-each-ref --format=%(refname)%00%(upstream:short)%00%(objectname)%00%(upstream:track) refs/heads/main refs/remotes/main [3ms]
[2022-04-18T16:57:40.412Z] > git for-each-ref --sort -committerdate --format %(refname) %(objectname) %(*objectname) [3ms]
[2022-04-18T16:57:40.413Z] > git remote --verbose [1ms]
[2022-04-18T16:57:40.418Z] > git config --get commit.template [1ms]
[2022-04-18T16:57:40.761Z] > git ls-files --stage -- /run/media/york/Data/York/Repo/note/Install Graphic Environment.md [2ms]
[2022-04-18T16:57:40.765Z] > git cat-file -s fc2abd42121d34f71ca26ef02e163ad42a9041da [1ms]
[2022-04-18T16:57:50.781Z] > git symbolic-ref --short HEAD [2ms]
[2022-04-18T16:57:50.786Z] > git for-each-ref --format=%(refname)%00%(upstream:short)%00%(objectname)%00%(upstream:track) refs/heads/main refs/remotes/main [3ms]
[2022-04-18T16:57:50.791Z] > git for-each-ref --sort -committerdate --format %(refname) %(objectname) %(*objectname) [3ms]
[2022-04-18T16:57:50.792Z] > git remote --verbose [2ms]
[2022-04-18T16:57:50.797Z] > git config --get commit.template [1ms]
[2022-04-18T16:57:51.127Z] > git ls-files --stage -- /run/media/york/Data/York/Repo/note/References.md [2ms]
[2022-04-18T16:57:51.134Z] > git cat-file -s 60f2c22ec363c04b2e3a47d5a85c373529a22cd2 [3ms]
[2022-04-18T16:57:57.009Z] > git symbolic-ref --short HEAD [1ms]
[2022-04-18T16:57:57.014Z] > git for-each-ref --format=%(refname)%00%(upstream:short)%00%(objectname)%00%(upstream:track) refs/heads/main refs/remotes/main [3ms]
[2022-04-18T16:57:57.019Z] > git for-each-ref --sort -committerdate --format %(refname) %(objectname) %(*objectname) [3ms]
[2022-04-18T16:57:57.019Z] > git remote --verbose [1ms]
[2022-04-18T16:57:57.025Z] > git config --get commit.template [1ms]
[2022-04-18T16:57:57.437Z] > git ls-files --stage -- /run/media/york/Data/York/Repo/note/temp.md [1ms]
[2022-04-18T16:57:57.441Z] > git cat-file -s e1031acc25893cb725532f91f12eb96e76d71131 [1ms]
[2022-04-18T16:58:03.741Z] > git symbolic-ref --short HEAD [1ms]
[2022-04-18T16:58:03.746Z] > git for-each-ref --format=%(refname)%00%(upstream:short)%00%(objectname)%00%(upstream:track) refs/heads/main refs/remotes/main [2ms]
[2022-04-18T16:58:03.758Z] > git remote --verbose [7ms]
[2022-04-18T16:58:03.758Z] > git for-each-ref --sort -committerdate --format %(refname) %(objectname) %(*objectname) [9ms]
[2022-04-18T16:58:03.759Z] > git ls-files --stage -- /run/media/york/Data/York/Repo/note/yarn安装.md [2ms]
[2022-04-18T16:58:03.765Z] > git cat-file -s 44053c2d8369f201c738bee14973e2760c06330b [3ms]
[2022-04-18T16:58:03.766Z] > git config --get commit.template [1ms]
[2022-04-18T16:58:08.788Z] > git symbolic-ref --short HEAD [2ms]
[2022-04-18T16:58:08.793Z] > git for-each-ref --format=%(refname)%00%(upstream:short)%00%(objectname)%00%(upstream:track) refs/heads/main refs/remotes/main [3ms]
[2022-04-18T16:58:08.798Z] > git for-each-ref --sort -committerdate --format %(refname) %(objectname) %(*objectname) [3ms]
[2022-04-18T16:58:08.798Z] > git remote --verbose [1ms]
[2022-04-18T16:58:08.803Z] > git config --get commit.template [1ms]
[2022-04-18T16:58:10.833Z] > git ls-files --stage -- /run/media/york/Data/York/Repo/note/work/Server Address.md [1ms]
[2022-04-18T16:58:10.837Z] > git cat-file -s e142236306ed576472d2190c6d0e5c85fd75ef67 [2ms]
[2022-04-18T16:58:12.709Z] > git ls-files --stage -- /run/media/york/Data/York/Repo/note/work/Frequently ask.md [2ms]
[2022-04-18T16:58:12.716Z] > git cat-file -s 9c9af576c96122b40d52be8380ccb9f3e89d36ae [2ms]
[2022-04-18T16:58:16.632Z] > git ls-files --stage -- /run/media/york/Data/York/Repo/note/work/sql/syncMasterData_Supplier.sql [2ms]
[2022-04-18T16:58:16.637Z] > git cat-file -s 85219ce97129153a67cdea67103040f3cf6fe81a [1ms]
[2022-04-18T16:58:20.705Z] > git symbolic-ref --short HEAD [2ms]
[2022-04-18T16:58:20.711Z] > git for-each-ref --format=%(refname)%00%(upstream:short)%00%(objectname)%00%(upstream:track) refs/heads/main refs/remotes/main [3ms]
[2022-04-18T16:58:20.716Z] > git for-each-ref --sort -committerdate --format %(refname) %(objectname) %(*objectname) [2ms]
[2022-04-18T16:58:20.717Z] > git remote --verbose [1ms]
[2022-04-18T16:58:20.723Z] > git config --get commit.template [1ms]
[2022-04-18T16:58:25.738Z] > git symbolic-ref --short HEAD [1ms]
[2022-04-18T16:58:25.744Z] > git for-each-ref --format=%(refname)%00%(upstream:short)%00%(objectname)%00%(upstream:track) refs/heads/main refs/remotes/main [3ms]
[2022-04-18T16:58:25.749Z] > git for-each-ref --sort -committerdate --format %(refname) %(objectname) %(*objectname) [3ms]
[2022-04-18T16:58:25.750Z] > git remote --verbose [2ms]
[2022-04-18T16:58:25.755Z] > git config --get commit.template [1ms]
[2022-04-18T16:58:28.648Z] > git ls-files --stage -- /run/media/york/Data/York/Repo/note/rs/SQLServer 创建 MySQL Linked Server.md [1ms]
[2022-04-18T16:58:28.652Z] > git cat-file -s 27a5782c6f1896ed2f585389a65ebae24cfe7ad4 [2ms]
[2022-04-18T16:58:30.777Z] > git symbolic-ref --short HEAD [1ms]
[2022-04-18T16:58:30.782Z] > git for-each-ref --format=%(refname)%00%(upstream:short)%00%(objectname)%00%(upstream:track) refs/heads/main refs/remotes/main [3ms]
[2022-04-18T16:58:30.787Z] > git for-each-ref --sort -committerdate --format %(refname) %(objectname) %(*objectname) [3ms]
[2022-04-18T16:58:30.788Z] > git remote --verbose [1ms]
[2022-04-18T16:58:30.793Z] > git config --get commit.template [1ms]
[2022-04-18T16:58:48.881Z] > git symbolic-ref --short HEAD [1ms]
[2022-04-18T16:58:48.886Z] > git for-each-ref --format=%(refname)%00%(upstream:short)%00%(objectname)%00%(upstream:track) refs/heads/main refs/remotes/main [3ms]
[2022-04-18T16:58:48.891Z] > git for-each-ref --sort -committerdate --format %(refname) %(objectname) %(*objectname) [3ms]
[2022-04-18T16:58:48.892Z] > git remote --verbose [2ms]
[2022-04-18T16:58:48.898Z] > git config --get commit.template [2ms]
[2022-04-18T16:58:52.124Z] > git ls-files --stage -- /run/media/york/Data/York/Repo/note/imgs/example.svg [1ms]
[2022-04-18T16:58:52.128Z] > git cat-file -s d31cd07456f4b77b63d8a1d2c982504357d02e70 [2ms]
[2022-04-18T16:58:53.925Z] > git symbolic-ref --short HEAD [2ms]
[2022-04-18T16:58:53.930Z] > git for-each-ref --format=%(refname)%00%(upstream:short)%00%(objectname)%00%(upstream:track) refs/heads/main refs/remotes/main [3ms]
[2022-04-18T16:58:53.935Z] > git for-each-ref --sort -committerdate --format %(refname) %(objectname) %(*objectname) [3ms]
[2022-04-18T16:58:53.935Z] > git remote --verbose [1ms]
[2022-04-18T16:58:53.940Z] > git config --get commit.template [1ms]
[2022-04-18T16:58:56.289Z] > git ls-files --stage -- /run/media/york/Data/York/Repo/note/imgs/courgette.log [1ms]
[2022-04-18T16:58:56.293Z] > git cat-file -s e69de29bb2d1d6434b8b29ae775ad8c2e48c5391 [2ms]
[2022-04-18T16:58:58.955Z] > git symbolic-ref --short HEAD [2ms]
[2022-04-18T16:58:58.960Z] > git for-each-ref --format=%(refname)%00%(upstream:short)%00%(objectname)%00%(upstream:track) refs/heads/main refs/remotes/main [3ms]
[2022-04-18T16:58:58.965Z] > git for-each-ref --sort -committerdate --format %(refname) %(objectname) %(*objectname) [3ms]
[2022-04-18T16:58:58.966Z] > git remote --verbose [1ms]
[2022-04-18T16:58:58.972Z] > git config --get commit.template [1ms]
[2022-04-18T16:58:59.721Z] > git ls-files --stage -- /run/media/york/Data/York/Repo/note/imgs/circle.svg [1ms]
[2022-04-18T16:58:59.726Z] > git cat-file -s 04dd382afefe30c27e4e29cd4273b1cf428bcddb [2ms]
[2022-04-18T16:59:03.993Z] > git symbolic-ref --short HEAD [1ms]
[2022-04-18T16:59:03.998Z] > git for-each-ref --format=%(refname)%00%(upstream:short)%00%(objectname)%00%(upstream:track) refs/heads/main refs/remotes/main [3ms]
[2022-04-18T16:59:04.002Z] > git for-each-ref --sort -committerdate --format %(refname) %(objectname) %(*objectname) [2ms]
[2022-04-18T16:59:04.003Z] > git remote --verbose [1ms]
[2022-04-18T16:59:04.008Z] > git config --get commit.template [1ms]
[2022-04-18T16:59:09.477Z] > git symbolic-ref --short HEAD [1ms]
[2022-04-18T16:59:09.482Z] > git for-each-ref --format=%(refname)%00%(upstream:short)%00%(objectname)%00%(upstream:track) refs/heads/main refs/remotes/main [3ms]
[2022-04-18T16:59:09.487Z] > git for-each-ref --sort -committerdate --format %(refname) %(objectname) %(*objectname) [3ms]
[2022-04-18T16:59:09.488Z] > git remote --verbose [1ms]
[2022-04-18T16:59:09.493Z] > git config --get commit.template [1ms]
[2022-04-18T16:59:12.351Z] > git add -A -- /run/media/york/Data/York/Repo/note/Arch Installation as Guset in VirtualB.md /run/media/york/Data/York/Repo/note/Install Graphic Environment.md /run/media/york/Data/York/Repo/note/README.md /run/media/york/Data/York/Repo/note/References.md /run/media/york/Data/York/Repo/note/imgs/circle.svg /run/media/york/Data/York/Repo/note/imgs/courgette.log /run/media/york/Data/York/Repo/note/imgs/example.svg /run/media/york/Data/York/Repo/note/imgs/linked_server.jpg /run/media/york/Data/York/Repo/note/imgs/odbc_config.jpg /run/media/york/Data/York/Repo/note/temp.md /run/media/york/Data/York/Repo/note/work/sql/syncMasterData_Supplier.sql /run/media/york/Data/York/Repo/note/work/sql/syncMasterData_SupplierMain.sql /run/media/york/Data/York/Repo/note/yarn安装.md [5ms]
[2022-04-18T16:59:12.364Z] > git symbolic-ref --short HEAD [1ms]
[2022-04-18T16:59:12.370Z] > git for-each-ref --format=%(refname)%00%(upstream:short)%00%(objectname)%00%(upstream:track) refs/heads/main refs/remotes/main [3ms]
[2022-04-18T16:59:12.375Z] > git for-each-ref --sort -committerdate --format %(refname) %(objectname) %(*objectname) [3ms]
[2022-04-18T16:59:12.375Z] > git remote --verbose [1ms]
[2022-04-18T16:59:12.380Z] > git config --get commit.template [1ms]
[2022-04-18T16:59:14.517Z] > git symbolic-ref --short HEAD [1ms]
[2022-04-18T16:59:14.524Z] > git for-each-ref --format=%(refname)%00%(upstream:short)%00%(objectname)%00%(upstream:track) refs/heads/main refs/remotes/main [3ms]
[2022-04-18T16:59:14.529Z] > git for-each-ref --sort -committerdate --format %(refname) %(objectname) %(*objectname) [3ms]
[2022-04-18T16:59:14.530Z] > git remote --verbose [1ms]
[2022-04-18T16:59:14.536Z] > git config --get commit.template [1ms]
[2022-04-18T16:59:17.909Z] > git ls-files --stage -- /run/media/york/Data/York/Repo/note/work/迁移供应商数据到主数据库.md [1ms]
[2022-04-18T16:59:17.914Z] > git cat-file -s 7e33316937897aadde4b0d7381f90e56eeccca35 [2ms]
[2022-04-18T16:59:50.843Z] > git ls-files --stage -- /run/media/york/Data/York/Repo/note/work/同步合同的发票金额与支付金额.md [2ms]
[2022-04-18T16:59:50.847Z] > git cat-file -s cfdec2d5a1bfcfb0bbb8f8f94a39fd9db08e88d4 [1ms]
[2022-04-18T16:59:56.717Z] > git log --format=%H%n%aN%n%aE%n%at%n%ct%n%P%n%B -z -n21 -- /run/media/york/Data/York/Repo/note/work/同步合同的发票金额与支付金额.md [20ms]
[2022-04-18T16:59:59.265Z] > git ls-files --stage -- /run/media/york/Data/York/Repo/note/work/迁移供应商数据到主数据库.md [2ms]
[2022-04-18T16:59:59.269Z] > git cat-file -s 7e33316937897aadde4b0d7381f90e56eeccca35 [2ms]
[2022-04-18T17:00:03.986Z] > git symbolic-ref --short HEAD [2ms]
[2022-04-18T17:00:03.991Z] > git for-each-ref --format=%(refname)%00%(upstream:short)%00%(objectname)%00%(upstream:track) refs/heads/main refs/remotes/main [3ms]
[2022-04-18T17:00:03.996Z] > git for-each-ref --sort -committerdate --format %(refname) %(objectname) %(*objectname) [3ms]
[2022-04-18T17:00:03.996Z] > git remote --verbose [1ms]
[2022-04-18T17:00:04.001Z] > git config --get commit.template [1ms]
[2022-04-18T17:00:04.978Z] > git ls-files --stage -- /run/media/york/Data/York/Repo/note/work/同步合同的发票金额与支付金额.md [1ms]
[2022-04-18T17:00:04.983Z] > git cat-file -s cfdec2d5a1bfcfb0bbb8f8f94a39fd9db08e88d4 [2ms]
[2022-04-18T17:00:28.633Z] > git symbolic-ref --short HEAD [1ms]
[2022-04-18T17:00:28.638Z] > git for-each-ref --format=%(refname)%00%(upstream:short)%00%(objectname)%00%(upstream:track) refs/heads/main refs/remotes/main [2ms]
[2022-04-18T17:00:28.644Z] > git for-each-ref --sort -committerdate --format %(refname) %(objectname) %(*objectname) [3ms]
[2022-04-18T17:00:28.644Z] > git remote --verbose [1ms]
[2022-04-18T17:00:28.649Z] > git config --get commit.template [1ms]
[2022-04-18T17:00:31.539Z] > git ls-files --stage -- /run/media/york/Data/York/Repo/note/work/询报价系统需求进度会议会议纪要_2021年12月30日.md [1ms]
[2022-04-18T17:00:31.543Z] > git cat-file -s f4c221be8b024e304d6bbdbb14b276f5b12a84a9 [2ms]
[2022-04-18T17:00:33.633Z] > git ls-files --stage -- /run/media/york/Data/York/Repo/note/work/询报价系统需求进度会议会议纪要.md [1ms]
[2022-04-18T17:00:33.637Z] > git cat-file -s 0d83185a01833f6344ba9a30d4746454e165ee2e [1ms]
[2022-04-18T17:00:35.282Z] > git ls-files --stage -- /run/media/york/Data/York/Repo/note/work/Frequently ask.md [2ms]
[2022-04-18T17:00:35.286Z] > git cat-file -s 9c9af576c96122b40d52be8380ccb9f3e89d36ae [2ms]
[2022-04-18T17:00:38.177Z] > git ls-files --stage -- /run/media/york/Data/York/Repo/note/work/Server Address.md [1ms]
[2022-04-18T17:00:38.181Z] > git cat-file -s e142236306ed576472d2190c6d0e5c85fd75ef67 [1ms]
[2022-04-18T17:01:17.243Z] > git ls-files --stage -- /run/media/york/Data/York/Repo/note/.gitignore [1ms]
[2022-04-18T17:01:17.248Z] > git cat-file -s b3a3eeee74ac3cab977af43dfebd3a5d46884529 [2ms]
[2022-04-18T17:01:21.730Z] > git ls-files --stage -- /run/media/york/Data/York/Repo/note/work/迁移供应商数据到主数据库.md [2ms]
[2022-04-18T17:01:21.734Z] > git cat-file -s 7e33316937897aadde4b0d7381f90e56eeccca35 [2ms]
[2022-04-18T17:01:23.753Z] > git ls-files --stage -- /run/media/york/Data/York/Repo/note/work/同步合同的发票金额与支付金额.md [1ms]
[2022-04-18T17:01:23.757Z] > git cat-file -s cfdec2d5a1bfcfb0bbb8f8f94a39fd9db08e88d4 [2ms]
[2022-04-18T17:01:32.520Z] > git add -A -- /run/media/york/Data/York/Repo/note/work/同步合同的发票金额与支付金额.md /run/media/york/Data/York/Repo/note/work/迁移供应商数据到主数据库.md [3ms]
[2022-04-18T17:01:32.534Z] > git symbolic-ref --short HEAD [1ms]
[2022-04-18T17:01:32.540Z] > git for-each-ref --format=%(refname)%00%(upstream:short)%00%(objectname)%00%(upstream:track) refs/heads/main refs/remotes/main [3ms]
[2022-04-18T17:01:32.546Z] > git for-each-ref --sort -committerdate --format %(refname) %(objectname) %(*objectname) [3ms]
[2022-04-18T17:01:32.547Z] > git remote --verbose [1ms]
[2022-04-18T17:01:32.552Z] > git config --get commit.template [1ms]
[2022-04-18T17:01:33.608Z] > git symbolic-ref --short HEAD [2ms]
[2022-04-18T17:01:33.614Z] > git for-each-ref --format=%(refname)%00%(upstream:short)%00%(objectname)%00%(upstream:track) refs/heads/main refs/remotes/main [3ms]
[2022-04-18T17:01:33.620Z] > git for-each-ref --sort -committerdate --format %(refname) %(objectname) %(*objectname) [3ms]
[2022-04-18T17:01:33.621Z] > git remote --verbose [1ms]
[2022-04-18T17:01:33.627Z] > git config --get commit.template [1ms]
[2022-04-18T17:01:33.705Z] > git ls-files --stage -- /run/media/york/Data/York/Repo/note/work/同步合同的发票金额与支付金额.md [3ms]
[2022-04-18T17:01:33.709Z] > git cat-file -s 28ee1329eef45422c3ba33712f7207d83709ed8b [2ms]
[2022-04-18T17:01:35.765Z] > git log --format=%H%n%aN%n%aE%n%at%n%ct%n%P%n%B -z -n21 -- /run/media/york/Data/York/Repo/note/work/同步合同的发票金额与支付金额.md [10ms]
[2022-04-18T17:01:49.287Z] > git -c user.useConfigOnly=true commit --quiet --allow-empty-message --file - [20ms]
[2022-04-18T17:01:49.300Z] > git symbolic-ref --short HEAD [1ms]
[2022-04-18T17:01:49.307Z] > git for-each-ref --format=%(refname)%00%(upstream:short)%00%(objectname)%00%(upstream:track) refs/heads/main refs/remotes/main [4ms]
[2022-04-18T17:01:49.313Z] > git for-each-ref --sort -committerdate --format %(refname) %(objectname) %(*objectname) [3ms]
[2022-04-18T17:01:49.314Z] > git remote --verbose [2ms]
[2022-04-18T17:01:49.319Z] > git config --get commit.template [1ms]
[2022-04-18T17:01:49.323Z] > git config --get commit.template [1ms]
[2022-04-18T17:01:50.376Z] > git symbolic-ref --short HEAD [3ms]
[2022-04-18T17:01:50.383Z] > git for-each-ref --format=%(refname)%00%(upstream:short)%00%(objectname)%00%(upstream:track) refs/heads/main refs/remotes/main [4ms]
[2022-04-18T17:01:50.388Z] > git for-each-ref --sort -committerdate --format %(refname) %(objectname) %(*objectname) [2ms]
[2022-04-18T17:01:50.389Z] > git remote --verbose [1ms]
[2022-04-18T17:01:50.394Z] > git config --get commit.template [1ms]
[2022-04-18T17:10:58.093Z] > git symbolic-ref --short HEAD [1ms]
[2022-04-18T17:10:58.098Z] > git for-each-ref --format=%(refname)%00%(upstream:short)%00%(objectname)%00%(upstream:track) refs/heads/main refs/remotes/main [3ms]
[2022-04-18T17:10:58.103Z] > git for-each-ref --sort -committerdate --format %(refname) %(objectname) %(*objectname) [3ms]
[2022-04-18T17:10:58.104Z] > git remote --verbose [1ms]
[2022-04-18T17:10:58.108Z] > git config --get commit.template [1ms]
