[2022-04-22T01:37:03.058Z] Validating found git in: git
[2022-04-22T01:37:03.068Z] Using git 2.36.0 from git
[2022-04-22T01:37:03.084Z] > git rev-parse --git-dir [1ms]
[2022-04-22T01:37:03.090Z] Open repository: /run/media/york/Data/York/Repo/note
[2022-04-22T01:37:03.106Z] > git symbolic-ref --short HEAD [1ms]
[2022-04-22T01:37:03.134Z] > git for-each-ref --format=%(refname)%00%(upstream:short)%00%(objectname)%00%(upstream:track) refs/heads/main refs/remotes/main [25ms]
[2022-04-22T01:37:03.141Z] > git for-each-ref --sort -committerdate --format %(refname) %(objectname) %(*objectname) [3ms]
[2022-04-22T01:37:03.141Z] > git remote --verbose [2ms]
[2022-04-22T01:37:03.156Z] > git config --get commit.template [2ms]
[2022-04-22T01:37:03.414Z] > git ls-files --stage -- /run/media/york/Data/York/Repo/note/Arch/Frequently Asked questions.md [2ms]
[2022-04-22T01:37:23.270Z] > git ls-files --stage -- /run/media/york/Data/York/Repo/note/Arch/Frequently Asked questions.md [1ms]
[2022-04-22T01:37:34.182Z] > git ls-files --stage -- /run/media/york/Data/York/Repo/note/Arch/Usually Software.md [9ms]
[2022-04-22T01:37:34.186Z] > git cat-file -s a915cf7ef9fa2a7b0d9f1606cf6f011fcb6dd446 [2ms]
[2022-04-22T01:39:30.501Z] > git symbolic-ref --short HEAD [2ms]
[2022-04-22T01:39:30.506Z] > git for-each-ref --format=%(refname)%00%(upstream:short)%00%(objectname)%00%(upstream:track) refs/heads/main refs/remotes/main [3ms]
[2022-04-22T01:39:30.510Z] > git for-each-ref --sort -committerdate --format %(refname) %(objectname) %(*objectname) [2ms]
[2022-04-22T01:39:30.511Z] > git remote --verbose [2ms]
[2022-04-22T01:39:30.515Z] > git config --get commit.template [1ms]
[2022-04-22T01:40:01.867Z] > git symbolic-ref --short HEAD [2ms]
[2022-04-22T01:40:01.871Z] > git for-each-ref --format=%(refname)%00%(upstream:short)%00%(objectname)%00%(upstream:track) refs/heads/main refs/remotes/main [2ms]
[2022-04-22T01:40:01.876Z] > git for-each-ref --sort -committerdate --format %(refname) %(objectname) %(*objectname) [3ms]
[2022-04-22T01:40:01.877Z] > git remote --verbose [1ms]
[2022-04-22T01:40:01.881Z] > git config --get commit.template [1ms]
[2022-04-22T01:42:44.280Z] > git symbolic-ref --short HEAD [1ms]
[2022-04-22T01:42:44.285Z] > git for-each-ref --format=%(refname)%00%(upstream:short)%00%(objectname)%00%(upstream:track) refs/heads/main refs/remotes/main [3ms]
[2022-04-22T01:42:44.289Z] > git for-each-ref --sort -committerdate --format %(refname) %(objectname) %(*objectname) [2ms]
[2022-04-22T01:42:44.290Z] > git remote --verbose [2ms]
[2022-04-22T01:42:44.293Z] > git config --get commit.template [0ms]
[2022-04-22T01:43:54.452Z] > git symbolic-ref --short HEAD [2ms]
[2022-04-22T01:43:54.457Z] > git for-each-ref --format=%(refname)%00%(upstream:short)%00%(objectname)%00%(upstream:track) refs/heads/main refs/remotes/main [3ms]
[2022-04-22T01:43:54.461Z] > git for-each-ref --sort -committerdate --format %(refname) %(objectname) %(*objectname) [2ms]
[2022-04-22T01:43:54.462Z] > git remote --verbose [1ms]
[2022-04-22T01:43:54.466Z] > git config --get commit.template [1ms]
[2022-04-22T05:16:48.133Z] > git ls-files --stage -- /run/media/york/Data/York/Repo/note/Arch/Usually Software.md [1ms]
[2022-04-22T05:16:48.137Z] > git cat-file -s a915cf7ef9fa2a7b0d9f1606cf6f011fcb6dd446 [1ms]
[2022-04-22T05:16:59.233Z] > git ls-files --stage -- /run/media/york/Data/York/Repo/note/Arch/Usually Software.md [1ms]
[2022-04-22T05:16:59.237Z] > git cat-file -s a915cf7ef9fa2a7b0d9f1606cf6f011fcb6dd446 [2ms]
[2022-04-22T05:17:10.208Z] > git add -A -- /run/media/york/Data/York/Repo/note/Arch/Usually Software.md /run/media/york/Data/York/Repo/note/Arch/Frequently Asked questions.md [17ms]
[2022-04-22T05:17:10.227Z] > git symbolic-ref --short HEAD [1ms]
[2022-04-22T05:17:10.232Z] > git for-each-ref --format=%(refname)%00%(upstream:short)%00%(objectname)%00%(upstream:track) refs/heads/main refs/remotes/main [2ms]
[2022-04-22T05:17:10.237Z] > git for-each-ref --sort -committerdate --format %(refname) %(objectname) %(*objectname) [2ms]
[2022-04-22T05:17:10.238Z] > git remote --verbose [1ms]
[2022-04-22T05:17:10.242Z] > git config --get commit.template [1ms]
[2022-04-22T05:17:11.273Z] > git symbolic-ref --short HEAD [2ms]
[2022-04-22T05:17:11.280Z] > git for-each-ref --format=%(refname)%00%(upstream:short)%00%(objectname)%00%(upstream:track) refs/heads/main refs/remotes/main [4ms]
[2022-04-22T05:17:11.287Z] > git for-each-ref --sort -committerdate --format %(refname) %(objectname) %(*objectname) [3ms]
[2022-04-22T05:17:11.288Z] > git remote --verbose [2ms]
[2022-04-22T05:17:11.293Z] > git config --get commit.template [1ms]
[2022-04-22T05:17:12.987Z] > git ls-tree -l HEAD -- /run/media/york/Data/York/Repo/note/Arch/Frequently Asked questions.md [3ms]
[2022-04-22T05:17:12.988Z] > git ls-files --stage -- /run/media/york/Data/York/Repo/note/Arch/Frequently Asked questions.md [2ms]
[2022-04-22T05:17:12.993Z] > git cat-file -s 0e30cec5390e79cc1d0c1f4332b9f91e79e10a3c [2ms]
[2022-04-22T05:17:16.208Z] > git ls-tree -l HEAD -- /run/media/york/Data/York/Repo/note/Arch/Usually Software.md [3ms]
[2022-04-22T05:17:16.209Z] > git ls-files --stage -- /run/media/york/Data/York/Repo/note/Arch/Usually Software.md [2ms]
[2022-04-22T05:17:16.213Z] > git cat-file -s f66fa79e3ebb2fc76bb4341c414f0850c3f375c0 [2ms]
[2022-04-22T05:17:29.433Z] > git ls-files --stage -- /run/media/york/Data/York/Repo/note/Arch/Usually Software.md [1ms]
[2022-04-22T05:17:29.437Z] > git cat-file -s f66fa79e3ebb2fc76bb4341c414f0850c3f375c0 [2ms]
[2022-04-22T05:25:16.062Z] > git symbolic-ref --short HEAD [2ms]
[2022-04-22T05:25:16.067Z] > git for-each-ref --format=%(refname)%00%(upstream:short)%00%(objectname)%00%(upstream:track) refs/heads/main refs/remotes/main [3ms]
[2022-04-22T05:25:16.072Z] > git for-each-ref --sort -committerdate --format %(refname) %(objectname) %(*objectname) [3ms]
[2022-04-22T05:25:16.072Z] > git remote --verbose [1ms]
[2022-04-22T05:25:16.077Z] > git config --get commit.template [1ms]
[2022-04-22T10:26:50.706Z] > git symbolic-ref --short HEAD [2ms]
[2022-04-22T10:26:50.711Z] > git for-each-ref --format=%(refname)%00%(upstream:short)%00%(objectname)%00%(upstream:track) refs/heads/main refs/remotes/main [3ms]
[2022-04-22T10:26:50.716Z] > git for-each-ref --sort -committerdate --format %(refname) %(objectname) %(*objectname) [3ms]
[2022-04-22T10:26:50.716Z] > git remote --verbose [1ms]
[2022-04-22T10:26:50.720Z] > git config --get commit.template [1ms]
[2022-04-22T10:27:03.483Z] > git symbolic-ref --short HEAD [1ms]
[2022-04-22T10:27:03.489Z] > git for-each-ref --format=%(refname)%00%(upstream:short)%00%(objectname)%00%(upstream:track) refs/heads/main refs/remotes/main [3ms]
[2022-04-22T10:27:03.494Z] > git for-each-ref --sort -committerdate --format %(refname) %(objectname) %(*objectname) [2ms]
[2022-04-22T10:27:03.495Z] > git remote --verbose [1ms]
[2022-04-22T10:27:03.499Z] > git config --get commit.template [1ms]
[2022-04-22T10:27:25.077Z] > git symbolic-ref --short HEAD [1ms]
[2022-04-22T10:27:25.091Z] > git for-each-ref --format=%(refname)%00%(upstream:short)%00%(objectname)%00%(upstream:track) refs/heads/main refs/remotes/main [12ms]
[2022-04-22T10:27:25.096Z] > git for-each-ref --sort -committerdate --format %(refname) %(objectname) %(*objectname) [3ms]
[2022-04-22T10:27:25.096Z] > git remote --verbose [1ms]
[2022-04-22T10:27:25.101Z] > git config --get commit.template [1ms]
[2022-04-22T10:27:56.044Z] > git symbolic-ref --short HEAD [3ms]
[2022-04-22T10:27:56.050Z] > git for-each-ref --format=%(refname)%00%(upstream:short)%00%(objectname)%00%(upstream:track) refs/heads/main refs/remotes/main [4ms]
[2022-04-22T10:27:56.054Z] > git for-each-ref --sort -committerdate --format %(refname) %(objectname) %(*objectname) [2ms]
[2022-04-22T10:27:56.055Z] > git remote --verbose [1ms]
[2022-04-22T10:27:56.059Z] > git config --get commit.template [1ms]
[2022-04-22T10:28:02.959Z] > git symbolic-ref --short HEAD [1ms]
[2022-04-22T10:28:02.965Z] > git for-each-ref --format=%(refname)%00%(upstream:short)%00%(objectname)%00%(upstream:track) refs/heads/main refs/remotes/main [4ms]
[2022-04-22T10:28:02.970Z] > git for-each-ref --sort -committerdate --format %(refname) %(objectname) %(*objectname) [2ms]
[2022-04-22T10:28:02.971Z] > git remote --verbose [1ms]
[2022-04-22T10:28:02.975Z] > git config --get commit.template [1ms]
[2022-04-22T10:28:10.596Z] > git symbolic-ref --short HEAD [2ms]
[2022-04-22T10:28:10.603Z] > git for-each-ref --format=%(refname)%00%(upstream:short)%00%(objectname)%00%(upstream:track) refs/heads/main refs/remotes/main [4ms]
[2022-04-22T10:28:10.608Z] > git for-each-ref --sort -committerdate --format %(refname) %(objectname) %(*objectname) [3ms]
[2022-04-22T10:28:10.609Z] > git remote --verbose [1ms]
[2022-04-22T10:28:10.613Z] > git config --get commit.template [1ms]
[2022-04-22T10:28:17.328Z] > git symbolic-ref --short HEAD [4ms]
[2022-04-22T10:28:17.335Z] > git for-each-ref --format=%(refname)%00%(upstream:short)%00%(objectname)%00%(upstream:track) refs/heads/main refs/remotes/main [4ms]
[2022-04-22T10:28:17.341Z] > git for-each-ref --sort -committerdate --format %(refname) %(objectname) %(*objectname) [3ms]
[2022-04-22T10:28:17.342Z] > git remote --verbose [1ms]
[2022-04-22T10:28:17.346Z] > git config --get commit.template [1ms]
[2022-04-22T10:29:03.388Z] > git symbolic-ref --short HEAD [1ms]
[2022-04-22T10:29:03.395Z] > git for-each-ref --format=%(refname)%00%(upstream:short)%00%(objectname)%00%(upstream:track) refs/heads/main refs/remotes/main [4ms]
[2022-04-22T10:29:03.400Z] > git for-each-ref --sort -committerdate --format %(refname) %(objectname) %(*objectname) [3ms]
[2022-04-22T10:29:03.400Z] > git remote --verbose [1ms]
[2022-04-22T10:29:03.404Z] > git config --get commit.template [1ms]
[2022-04-22T10:29:08.555Z] > git symbolic-ref --short HEAD [1ms]
[2022-04-22T10:29:08.560Z] > git for-each-ref --format=%(refname)%00%(upstream:short)%00%(objectname)%00%(upstream:track) refs/heads/main refs/remotes/main [3ms]
[2022-04-22T10:29:08.565Z] > git for-each-ref --sort -committerdate --format %(refname) %(objectname) %(*objectname) [3ms]
[2022-04-22T10:29:08.566Z] > git remote --verbose [2ms]
[2022-04-22T10:29:08.570Z] > git config --get commit.template [1ms]
[2022-04-22T10:29:18.247Z] > git symbolic-ref --short HEAD [1ms]
[2022-04-22T10:29:18.252Z] > git for-each-ref --format=%(refname)%00%(upstream:short)%00%(objectname)%00%(upstream:track) refs/heads/main refs/remotes/main [3ms]
[2022-04-22T10:29:18.257Z] > git for-each-ref --sort -committerdate --format %(refname) %(objectname) %(*objectname) [3ms]
[2022-04-22T10:29:18.257Z] > git remote --verbose [1ms]
[2022-04-22T10:29:18.262Z] > git config --get commit.template [1ms]
