00:00:00.212777 VirtualBox GUI VM Selector Window 6.1.32 r149290 linux.amd64 (Feb 10 2022 14:02:19) release log
00:00:00.212778 Log opened 2022-04-21T09:49:25.138060000Z
00:00:00.212778 Build Type: release
00:00:00.212780 OS Product: Linux
00:00:00.212780 OS Release: 5.17.3-arch1-1
00:00:00.212781 OS Version: #1 SMP PREEMPT Thu, 14 Apr 2022 01:18:36 +0000
00:00:00.212791 DMI Product Name: 20VE
00:00:00.212794 DMI Product Version: ThinkBook 15 G2 ITL
00:00:00.212796 Firmware type: UEFI
00:00:00.213105 Secure Boot: Disabled
00:00:00.213131 Host RAM: 15785MB (15.4GB) total, 12000MB (11.7GB) available
00:00:00.213132 Executable: /usr/lib/virtualbox/VirtualBox
00:00:00.213132 Process ID: 11756
00:00:00.213133 Package type: LINUX_64BITS_GENERIC (OSE)
00:00:00.213148 Qt version: 5.15.3
00:00:00.222804 GUI: UIMediumEnumerator: Medium-enumeration started...
00:00:00.466678 GUI: UIDesktopWidgetWatchdog::sltHandleHostScreenAvailableGeometryCalculated: Screen 0 work area is actually resized to: 3x24 x 956x1053
00:00:00.496717 GUI: UIMediumEnumerator: Medium-enumeration finished!
00:00:17.330382 ERROR [COM]: aRC=NS_ERROR_UNEXPECTED (0x8000ffff) aIID={c0447716-ff5a-4795-b57a-ecd5fffa18a4} aComponent={SessionWrap} aText={The session is not locked (session state: Unlocked)}, preserve=false aResultDetail=0
00:00:42.057157 GUI: UIMediumEnumerator: Medium-enumeration finished!
00:01:08.081801 ERROR [COM]: aRC=NS_ERROR_UNEXPECTED (0x8000ffff) aIID={c0447716-ff5a-4795-b57a-ecd5fffa18a4} aComponent={SessionWrap} aText={The session is not locked (session state: Unlocked)}, preserve=false aResultDetail=0
00:01:16.483718 GUI: UIMediumEnumerator: Medium-enumeration finished!
00:01:31.498588 GUI: UIMediumEnumerator: Medium-enumeration finished!
00:01:36.139896 GUI: UIMediumEnumerator: Medium-enumeration finished!
00:01:42.522655 GUI: UIMediumEnumerator: Medium-enumeration finished!
