[2022-04-21T09:23:46.123Z] Validating found git in: git
[2022-04-21T09:23:46.134Z] Using git 2.36.0 from git
[2022-04-21T09:23:46.149Z] > git rev-parse --git-dir [1ms]
[2022-04-21T09:23:46.153Z] Open repository: /run/media/york/Data/York/Repo/note
[2022-04-21T09:23:46.182Z] > git symbolic-ref --short HEAD [6ms]
[2022-04-21T09:23:46.188Z] > git for-each-ref --format=%(refname)%00%(upstream:short)%00%(objectname)%00%(upstream:track) refs/heads/main refs/remotes/main [3ms]
[2022-04-21T09:23:46.197Z] > git for-each-ref --sort -committerdate --format %(refname) %(objectname) %(*objectname) [6ms]
[2022-04-21T09:23:46.198Z] > git remote --verbose [3ms]
[2022-04-21T09:23:46.203Z] > git config --get commit.template [1ms]
[2022-04-21T09:23:51.994Z] > git ls-files --stage -- /run/media/york/Data/York/Repo/note/Arch/Usually Software.md [2ms]
[2022-04-21T09:23:51.999Z] > git cat-file -s a915cf7ef9fa2a7b0d9f1606cf6f011fcb6dd446 [2ms]
[2022-04-21T09:23:56.795Z] > git ls-files --stage -- /run/media/york/Data/York/Repo/note/Arch/Usually Software.md [1ms]
[2022-04-21T09:23:56.799Z] > git cat-file -s a915cf7ef9fa2a7b0d9f1606cf6f011fcb6dd446 [2ms]
[2022-04-21T09:24:00.535Z] > git ls-files --stage -- /run/media/york/Data/York/Repo/note/Arch/Usually Software.md [1ms]
[2022-04-21T09:24:00.539Z] > git cat-file -s a915cf7ef9fa2a7b0d9f1606cf6f011fcb6dd446 [2ms]
[2022-04-21T09:24:40.759Z] > git log --format=%H%n%aN%n%aE%n%at%n%ct%n%P%n%B -z -n21 -- /run/media/york/Data/York/Repo/note/Arch/Usually Software.md [15ms]
[2022-04-21T09:25:04.472Z] > git symbolic-ref --short HEAD [2ms]
[2022-04-21T09:25:04.478Z] > git for-each-ref --format=%(refname)%00%(upstream:short)%00%(objectname)%00%(upstream:track) refs/heads/main refs/remotes/main [2ms]
[2022-04-21T09:25:04.484Z] > git for-each-ref --sort -committerdate --format %(refname) %(objectname) %(*objectname) [3ms]
[2022-04-21T09:25:04.484Z] > git remote --verbose [1ms]
[2022-04-21T09:25:04.489Z] > git config --get commit.template [2ms]
[2022-04-21T09:25:27.001Z] > git ls-files --stage -- /run/media/york/Data/York/Repo/note/Arch/Usually Software.md [2ms]
[2022-04-21T09:25:27.006Z] > git cat-file -s a915cf7ef9fa2a7b0d9f1606cf6f011fcb6dd446 [3ms]
[2022-04-21T09:26:02.439Z] > git symbolic-ref --short HEAD [2ms]
[2022-04-21T09:26:02.444Z] > git for-each-ref --format=%(refname)%00%(upstream:short)%00%(objectname)%00%(upstream:track) refs/heads/main refs/remotes/main [2ms]
[2022-04-21T09:26:02.450Z] > git for-each-ref --sort -committerdate --format %(refname) %(objectname) %(*objectname) [3ms]
[2022-04-21T09:26:02.450Z] > git remote --verbose [1ms]
[2022-04-21T09:26:02.457Z] > git config --get commit.template [1ms]
[2022-04-21T09:26:42.909Z] > git symbolic-ref --short HEAD [2ms]
[2022-04-21T09:26:42.914Z] > git for-each-ref --format=%(refname)%00%(upstream:short)%00%(objectname)%00%(upstream:track) refs/heads/main refs/remotes/main [3ms]
[2022-04-21T09:26:42.921Z] > git for-each-ref --sort -committerdate --format %(refname) %(objectname) %(*objectname) [4ms]
[2022-04-21T09:26:42.921Z] > git remote --verbose [1ms]
[2022-04-21T09:26:42.926Z] > git config --get commit.template [1ms]
[2022-04-21T09:26:51.741Z] > git ls-files --stage -- /run/media/york/Data/York/Repo/note/Arch/Usually Software.md [1ms]
[2022-04-21T09:26:51.745Z] > git cat-file -s a915cf7ef9fa2a7b0d9f1606cf6f011fcb6dd446 [1ms]
[2022-04-21T09:29:07.863Z] > git symbolic-ref --short HEAD [1ms]
[2022-04-21T09:29:07.869Z] > git for-each-ref --format=%(refname)%00%(upstream:short)%00%(objectname)%00%(upstream:track) refs/heads/main refs/remotes/main [3ms]
[2022-04-21T09:29:07.875Z] > git for-each-ref --sort -committerdate --format %(refname) %(objectname) %(*objectname) [3ms]
[2022-04-21T09:29:07.875Z] > git remote --verbose [1ms]
[2022-04-21T09:29:07.881Z] > git config --get commit.template [1ms]
[2022-04-21T09:29:17.467Z] > git symbolic-ref --short HEAD [2ms]
[2022-04-21T09:29:17.472Z] > git for-each-ref --format=%(refname)%00%(upstream:short)%00%(objectname)%00%(upstream:track) refs/heads/main refs/remotes/main [2ms]
[2022-04-21T09:29:17.479Z] > git for-each-ref --sort -committerdate --format %(refname) %(objectname) %(*objectname) [4ms]
[2022-04-21T09:29:17.480Z] > git remote --verbose [2ms]
[2022-04-21T09:29:17.485Z] > git config --get commit.template [1ms]
[2022-04-21T09:29:22.052Z] > git ls-files --stage -- /run/media/york/Data/York/Repo/note/Arch/Usually Software.md [2ms]
[2022-04-21T09:29:22.056Z] > git cat-file -s a915cf7ef9fa2a7b0d9f1606cf6f011fcb6dd446 [2ms]
[2022-04-21T09:29:25.989Z] > git symbolic-ref --short HEAD [1ms]
[2022-04-21T09:29:25.994Z] > git for-each-ref --format=%(refname)%00%(upstream:short)%00%(objectname)%00%(upstream:track) refs/heads/main refs/remotes/main [3ms]
[2022-04-21T09:29:26.001Z] > git for-each-ref --sort -committerdate --format %(refname) %(objectname) %(*objectname) [3ms]
[2022-04-21T09:29:26.001Z] > git remote --verbose [1ms]
[2022-04-21T09:29:26.006Z] > git config --get commit.template [1ms]
[2022-04-21T09:44:59.740Z] > git ls-files --stage -- /run/media/york/Data/York/Repo/note/Arch/Usually Software.md [2ms]
[2022-04-21T09:44:59.744Z] > git cat-file -s a915cf7ef9fa2a7b0d9f1606cf6f011fcb6dd446 [2ms]
[2022-04-21T09:45:02.020Z] > git symbolic-ref --short HEAD [2ms]
[2022-04-21T09:45:02.026Z] > git for-each-ref --format=%(refname)%00%(upstream:short)%00%(objectname)%00%(upstream:track) refs/heads/main refs/remotes/main [3ms]
[2022-04-21T09:45:02.031Z] > git for-each-ref --sort -committerdate --format %(refname) %(objectname) %(*objectname) [2ms]
[2022-04-21T09:45:02.032Z] > git remote --verbose [1ms]
[2022-04-21T09:45:02.038Z] > git config --get commit.template [1ms]
[2022-04-21T14:32:26.469Z] > git ls-files --stage -- /run/media/york/Data/York/Repo/note/Arch/Frequency questions.md [1ms]
[2022-04-21T14:32:27.304Z] > git symbolic-ref --short HEAD [1ms]
[2022-04-21T14:32:27.310Z] > git for-each-ref --format=%(refname)%00%(upstream:short)%00%(objectname)%00%(upstream:track) refs/heads/main refs/remotes/main [3ms]
[2022-04-21T14:32:27.315Z] > git for-each-ref --sort -committerdate --format %(refname) %(objectname) %(*objectname) [3ms]
[2022-04-21T14:32:27.315Z] > git remote --verbose [1ms]
[2022-04-21T14:32:27.319Z] > git config --get commit.template [1ms]
[2022-04-21T14:36:49.764Z] > git symbolic-ref --short HEAD [2ms]
[2022-04-21T14:36:49.769Z] > git for-each-ref --format=%(refname)%00%(upstream:short)%00%(objectname)%00%(upstream:track) refs/heads/main refs/remotes/main [3ms]
[2022-04-21T14:36:49.774Z] > git for-each-ref --sort -committerdate --format %(refname) %(objectname) %(*objectname) [3ms]
[2022-04-21T14:36:49.774Z] > git remote --verbose [1ms]
[2022-04-21T14:36:49.778Z] > git config --get commit.template [1ms]
[2022-04-21T14:37:05.194Z] > git ls-files --stage -- /run/media/york/Data/York/Repo/note/Arch/Frequently Asked questions.md [3ms]
[2022-04-21T14:37:06.002Z] > git symbolic-ref --short HEAD [1ms]
[2022-04-21T14:37:06.008Z] > git for-each-ref --format=%(refname)%00%(upstream:short)%00%(objectname)%00%(upstream:track) refs/heads/main refs/remotes/main [3ms]
[2022-04-21T14:37:06.014Z] > git for-each-ref --sort -committerdate --format %(refname) %(objectname) %(*objectname) [4ms]
[2022-04-21T14:37:06.014Z] > git remote --verbose [1ms]
[2022-04-21T14:37:06.019Z] > git config --get commit.template [1ms]
[2022-04-21T15:08:28.459Z] > git symbolic-ref --short HEAD [1ms]
[2022-04-21T15:08:28.464Z] > git for-each-ref --format=%(refname)%00%(upstream:short)%00%(objectname)%00%(upstream:track) refs/heads/main refs/remotes/main [2ms]
[2022-04-21T15:08:28.469Z] > git for-each-ref --sort -committerdate --format %(refname) %(objectname) %(*objectname) [2ms]
[2022-04-21T15:08:28.470Z] > git remote --verbose [1ms]
[2022-04-21T15:08:28.474Z] > git config --get commit.template [1ms]
[2022-04-21T15:08:48.930Z] > git ls-files --stage -- /run/media/york/Data/York/Repo/note/Arch/Frequently Asked questions.md [1ms]
